d:\backup\electrical engineering\year 5\fall\csi2372\csi2372_project\csi2372_project\csi2372_project\debug\vc142.pdb
d:\backup\electrical engineering\year 5\fall\csi2372\csi2372_project\csi2372_project\csi2372_project\debug\vc142.idb
d:\backup\electrical engineering\year 5\fall\csi2372\csi2372_project\csi2372_project\csi2372_project\debug\tradearea.obj
d:\backup\electrical engineering\year 5\fall\csi2372\csi2372_project\csi2372_project\csi2372_project\debug\table.obj
d:\backup\electrical engineering\year 5\fall\csi2372\csi2372_project\csi2372_project\csi2372_project\debug\stink.obj
d:\backup\electrical engineering\year 5\fall\csi2372\csi2372_project\csi2372_project\csi2372_project\debug\soy.obj
d:\backup\electrical engineering\year 5\fall\csi2372\csi2372_project\csi2372_project\csi2372_project\debug\hand.obj
d:\backup\electrical engineering\year 5\fall\csi2372\csi2372_project\csi2372_project\csi2372_project\debug\discardpile.obj
d:\backup\electrical engineering\year 5\fall\csi2372\csi2372_project\csi2372_project\csi2372_project\debug\red.obj
d:\backup\electrical engineering\year 5\fall\csi2372\csi2372_project\csi2372_project\csi2372_project\debug\player.obj
d:\backup\electrical engineering\year 5\fall\csi2372\csi2372_project\csi2372_project\csi2372_project\debug\main.obj
d:\backup\electrical engineering\year 5\fall\csi2372\csi2372_project\csi2372_project\csi2372_project\debug\green.obj
d:\backup\electrical engineering\year 5\fall\csi2372\csi2372_project\csi2372_project\csi2372_project\debug\garden.obj
d:\backup\electrical engineering\year 5\fall\csi2372\csi2372_project\csi2372_project\csi2372_project\debug\deck.obj
d:\backup\electrical engineering\year 5\fall\csi2372\csi2372_project\csi2372_project\csi2372_project\debug\chili.obj
d:\backup\electrical engineering\year 5\fall\csi2372\csi2372_project\csi2372_project\csi2372_project\debug\chain.obj
d:\backup\electrical engineering\year 5\fall\csi2372\csi2372_project\csi2372_project\csi2372_project\debug\cardfactory.obj
d:\backup\electrical engineering\year 5\fall\csi2372\csi2372_project\csi2372_project\csi2372_project\debug\blue.obj
d:\backup\electrical engineering\year 5\fall\csi2372\csi2372_project\csi2372_project\csi2372_project\debug\black.obj
d:\backup\electrical engineering\year 5\fall\csi2372\csi2372_project\csi2372_project\debug\csi2372_project.exe
d:\backup\electrical engineering\year 5\fall\csi2372\csi2372_project\csi2372_project\debug\csi2372_project.ilk
d:\backup\electrical engineering\year 5\fall\csi2372\csi2372_project\csi2372_project\debug\csi2372_project.pdb
d:\backup\electrical engineering\year 5\fall\csi2372\csi2372_project\csi2372_project\csi2372_project\debug\csi2372_project.tlog\cl.command.1.tlog
d:\backup\electrical engineering\year 5\fall\csi2372\csi2372_project\csi2372_project\csi2372_project\debug\csi2372_project.tlog\cl.read.1.tlog
d:\backup\electrical engineering\year 5\fall\csi2372\csi2372_project\csi2372_project\csi2372_project\debug\csi2372_project.tlog\cl.write.1.tlog
d:\backup\electrical engineering\year 5\fall\csi2372\csi2372_project\csi2372_project\csi2372_project\debug\csi2372_project.tlog\link.command.1.tlog
d:\backup\electrical engineering\year 5\fall\csi2372\csi2372_project\csi2372_project\csi2372_project\debug\csi2372_project.tlog\link.read.1.tlog
d:\backup\electrical engineering\year 5\fall\csi2372\csi2372_project\csi2372_project\csi2372_project\debug\csi2372_project.tlog\link.write.1.tlog
